{"uuid":"6040b991-9fef-4f9c-ab98-ac418418508a","historyId":"310e2bbf4e4bcf88b4711145792af126","testCaseId":"[engine:junit-jupiter]/[class:com.capgemini.mrchecker.webapi.imap.ImapLoadTest]/[method:performanceTestEMails()]","testCaseName":"send email with attachment","fullName":"com.capgemini.mrchecker.webapi.imap.ImapLoadTest.performanceTestEMails","labels":[{"name":"junit.platform.uniqueid","value":"[engine:junit-jupiter]/[class:com.capgemini.mrchecker.webapi.imap.ImapLoadTest]/[method:performanceTestEMails()]"},{"name":"feature","value":"Load tests for IMAP"},{"name":"owner","value":"tjuchimi"},{"name":"story","value":"performance tests"},{"name":"host","value":"LCE66974"},{"name":"thread","value":"13424@LCE66974.ForkJoinPool-1-worker-3(15)"},{"name":"framework","value":"junit-platform"},{"name":"language","value":"java"},{"name":"package","value":"com.capgemini.mrchecker.webapi.imap.ImapLoadTest"},{"name":"testClass","value":"com.capgemini.mrchecker.webapi.imap.ImapLoadTest"},{"name":"testMethod","value":"performanceTestEMails"},{"name":"suite","value":"com.capgemini.mrchecker.webapi.imap.ImapLoadTest"},{"name":"severity","value":"critical"}],"links":[{"name":"IMFVA-265","url":"https://moeve-pl.corp.capgemini.com/jira/browse/IMFVA-265","type":"tms"}],"name":"send email with attachment","status":"failed","statusDetails":{"known":false,"muted":false,"flaky":false,"message":"Multiple Failures (2 failures)\r\n\torg.awaitility.core.ConditionTimeoutException: Assertion condition defined as a lambda expression in com.capgemini.mrchecker.webapi.CustomAssert that uses int, intint expected: <0> but was: <5> within 10 minutes.\r\n\torg.awaitility.core.ConditionTimeoutException: Assertion condition defined as a lambda expression in com.capgemini.mrchecker.webapi.CustomAssert that uses int, intint expected: <200> but was: <10> within 10 minutes.","trace":"org.opentest4j.MultipleFailuresError: Multiple Failures (2 failures)\r\n\torg.awaitility.core.ConditionTimeoutException: Assertion condition defined as a lambda expression in com.capgemini.mrchecker.webapi.CustomAssert that uses int, intint expected: <0> but was: <5> within 10 minutes.\r\n\torg.awaitility.core.ConditionTimeoutException: Assertion condition defined as a lambda expression in com.capgemini.mrchecker.webapi.CustomAssert that uses int, intint expected: <200> but was: <10> within 10 minutes.\r\n\tat org.junit.jupiter.api.AssertAll.assertAll(AssertAll.java:80)\r\n\tat org.junit.jupiter.api.AssertAll.assertAll(AssertAll.java:44)\r\n\tat org.junit.jupiter.api.AssertAll.assertAll(AssertAll.java:38)\r\n\tat org.junit.jupiter.api.Assertions.assertAll(Assertions.java:2940)\r\n\tat com.capgemini.mrchecker.webapi.imap.ImapLoadTest.performanceTestEMails(ImapLoadTest.java:40)\r\n\tat java.base/java.lang.reflect.Method.invoke(Method.java:566)\r\n\tat java.base/java.util.concurrent.RecursiveAction.exec(RecursiveAction.java:189)\r\n\tat java.base/java.util.concurrent.ForkJoinTask.doExec(ForkJoinTask.java:290)\r\n\tat java.base/java.util.concurrent.ForkJoinPool$WorkQueue.topLevelExec(ForkJoinPool.java:1020)\r\n\tat java.base/java.util.concurrent.ForkJoinPool.scan(ForkJoinPool.java:1656)\r\n\tat java.base/java.util.concurrent.ForkJoinPool.runWorker(ForkJoinPool.java:1594)\r\n\tat java.base/java.util.concurrent.ForkJoinWorkerThread.run(ForkJoinWorkerThread.java:183)\r\n\tSuppressed: org.awaitility.core.ConditionTimeoutException: Assertion condition defined as a lambda expression in com.capgemini.mrchecker.webapi.CustomAssert that uses int, intint expected: <0> but was: <5> within 10 minutes.\r\n\t\tat org.awaitility.core.ConditionAwaiter.await(ConditionAwaiter.java:148)\r\n\t\tat org.awaitility.core.AssertionCondition.await(AssertionCondition.java:119)\r\n\t\tat org.awaitility.core.AssertionCondition.await(AssertionCondition.java:31)\r\n\t\tat org.awaitility.core.ConditionFactory.until(ConditionFactory.java:873)\r\n\t\tat org.awaitility.core.ConditionFactory.untilAsserted(ConditionFactory.java:657)\r\n\t\tat com.capgemini.mrchecker.webapi.CustomAssert.assertEquals(CustomAssert.java:18)\r\n\t\tat com.capgemini.mrchecker.webapi.imap.ImapLoadTest.lambda$performanceTestEMails$1(ImapLoadTest.java:42)\r\n\t\tat org.junit.jupiter.api.AssertAll.lambda$assertAll$0(AssertAll.java:68)\r\n\t\tat java.base/java.util.stream.ReferencePipeline$3$1.accept(ReferencePipeline.java:195)\r\n\t\tat java.base/java.util.Spliterators$ArraySpliterator.forEachRemaining(Spliterators.java:948)\r\n\t\tat java.base/java.util.stream.AbstractPipeline.copyInto(AbstractPipeline.java:484)\r\n\t\tat java.base/java.util.stream.AbstractPipeline.wrapAndCopyInto(AbstractPipeline.java:474)\r\n\t\tat java.base/java.util.stream.ReduceOps$ReduceOp.evaluateSequential(ReduceOps.java:913)\r\n\t\tat java.base/java.util.stream.AbstractPipeline.evaluate(AbstractPipeline.java:234)\r\n\t\tat java.base/java.util.stream.ReferencePipeline.collect(ReferencePipeline.java:578)\r\n\t\tat org.junit.jupiter.api.AssertAll.assertAll(AssertAll.java:77)\r\n\t\t... 11 more\r\n\tCaused by: org.opentest4j.AssertionFailedError: expected: <0> but was: <5>\r\n\t\tat com.capgemini.mrchecker.webapi.CustomAssert.lambda$assertEquals$0(CustomAssert.java:19)\r\n\t\tat org.awaitility.core.AssertionCondition.lambda$new$0(AssertionCondition.java:53)\r\n\t\tat org.awaitility.core.ConditionAwaiter$ConditionPoller.call(ConditionAwaiter.java:203)\r\n\t\tat org.awaitility.core.ConditionAwaiter$ConditionPoller.call(ConditionAwaiter.java:190)\r\n\t\tat java.base/java.util.concurrent.FutureTask.run(FutureTask.java:264)\r\n\t\tat java.base/java.util.concurrent.ThreadPoolExecutor.runWorker(ThreadPoolExecutor.java:1128)\r\n\t\tat java.base/java.util.concurrent.ThreadPoolExecutor$Worker.run(ThreadPoolExecutor.java:628)\r\n\t\tat java.base/java.lang.Thread.run(Thread.java:829)\r\n\tSuppressed: org.awaitility.core.ConditionTimeoutException: Assertion condition defined as a lambda expression in com.capgemini.mrchecker.webapi.CustomAssert that uses int, intint expected: <200> but was: <10> within 10 minutes.\r\n\t\tat org.awaitility.core.ConditionAwaiter.await(ConditionAwaiter.java:148)\r\n\t\tat org.awaitility.core.AssertionCondition.await(AssertionCondition.java:119)\r\n\t\tat org.awaitility.core.AssertionCondition.await(AssertionCondition.java:31)\r\n\t\tat org.awaitility.core.ConditionFactory.until(ConditionFactory.java:873)\r\n\t\tat org.awaitility.core.ConditionFactory.untilAsserted(ConditionFactory.java:657)\r\n\t\tat com.capgemini.mrchecker.webapi.CustomAssert.assertEquals(CustomAssert.java:18)\r\n\t\tat com.capgemini.mrchecker.webapi.imap.ImapLoadTest.lambda$performanceTestEMails$3(ImapLoadTest.java:44)\r\n\t\tat org.junit.jupiter.api.AssertAll.lambda$assertAll$0(AssertAll.java:68)\r\n\t\tat java.base/java.util.stream.ReferencePipeline$3$1.accept(ReferencePipeline.java:195)\r\n\t\tat java.base/java.util.Spliterators$ArraySpliterator.forEachRemaining(Spliterators.java:948)\r\n\t\tat java.base/java.util.stream.AbstractPipeline.copyInto(AbstractPipeline.java:484)\r\n\t\tat java.base/java.util.stream.AbstractPipeline.wrapAndCopyInto(AbstractPipeline.java:474)\r\n\t\tat java.base/java.util.stream.ReduceOps$ReduceOp.evaluateSequential(ReduceOps.java:913)\r\n\t\tat java.base/java.util.stream.AbstractPipeline.evaluate(AbstractPipeline.java:234)\r\n\t\tat java.base/java.util.stream.ReferencePipeline.collect(ReferencePipeline.java:578)\r\n\t\tat org.junit.jupiter.api.AssertAll.assertAll(AssertAll.java:77)\r\n\t\t... 11 more\r\n\tCaused by: org.opentest4j.AssertionFailedError: expected: <200> but was: <10>\r\n\t\tat com.capgemini.mrchecker.webapi.CustomAssert.lambda$assertEquals$0(CustomAssert.java:19)\r\n\t\tat org.awaitility.core.AssertionCondition.lambda$new$0(AssertionCondition.java:53)\r\n\t\tat org.awaitility.core.ConditionAwaiter$ConditionPoller.call(ConditionAwaiter.java:203)\r\n\t\tat org.awaitility.core.ConditionAwaiter$ConditionPoller.call(ConditionAwaiter.java:190)\r\n\t\tat java.base/java.util.concurrent.FutureTask.run(FutureTask.java:264)\r\n\t\tat java.base/java.util.concurrent.ThreadPoolExecutor.runWorker(ThreadPoolExecutor.java:1128)\r\n\t\tat java.base/java.util.concurrent.ThreadPoolExecutor$Worker.run(ThreadPoolExecutor.java:628)\r\n\t\tat java.base/java.lang.Thread.run(Thread.java:829)\r\n"},"stage":"finished","description":"","steps":[{"name":"1 | Set properties for IMAP and SMTP connection","status":"passed","stage":"finished","steps":[],"attachments":[],"parameters":[{"name":"userName","value":"test_sender_api@outlook.com"},{"name":"password","value":"API_Test_Sender"}],"start":1710836639802,"stop":1710836639815},{"name":"2 | Connect with the server for test_sender_api@outlook.com","status":"passed","stage":"finished","steps":[],"attachments":[],"parameters":[{"name":"emailUser","value":"test_sender_api@outlook.com"},{"name":"password","value":"API_Test_Sender"}],"start":1710836639816,"stop":1710836643131},{"name":"3 | Send new email from test_sender_api@outlook.com to veraktung@outlook.com 10 times","status":"passed","stage":"finished","steps":[],"attachments":[],"parameters":[{"name":"sender","value":"test_sender_api@outlook.com"},{"name":"recipient","value":"veraktung@outlook.com"},{"name":"attachmentPath","value":"src\\resources\\testdata\\files\\kowalski.png"},{"name":"emailsNumber","value":"10"}],"start":1710836643132,"stop":1710836660991},{"name":"4 | Go to the folder Inbox","status":"passed","stage":"finished","steps":[],"attachments":[],"parameters":[{"name":"folderName","value":"Inbox"}],"start":1710836662245,"stop":1710836662506},{"name":"5 | Return the number of emails in the folder Inbox","status":"passed","stage":"finished","steps":[],"attachments":[],"parameters":[{"name":"folderName","value":"Inbox"}],"start":1710836662506,"stop":1710836663867},{"name":"6 | assert that 5 is 0","status":"broken","statusDetails":{"known":false,"muted":false,"flaky":false,"message":"Assertion condition defined as a lambda expression in com.capgemini.mrchecker.webapi.CustomAssert that uses int, intint expected: <0> but was: <5> within 10 minutes.","trace":"org.awaitility.core.ConditionTimeoutException: Assertion condition defined as a lambda expression in com.capgemini.mrchecker.webapi.CustomAssert that uses int, intint expected: <0> but was: <5> within 10 minutes.\r\n\tat org.awaitility.core.ConditionAwaiter.await(ConditionAwaiter.java:148)\r\n\tat org.awaitility.core.AssertionCondition.await(AssertionCondition.java:119)\r\n\tat org.awaitility.core.AssertionCondition.await(AssertionCondition.java:31)\r\n\tat org.awaitility.core.ConditionFactory.until(ConditionFactory.java:873)\r\n\tat org.awaitility.core.ConditionFactory.untilAsserted(ConditionFactory.java:657)\r\n\tat com.capgemini.mrchecker.webapi.CustomAssert.assertEquals(CustomAssert.java:18)\r\n\tat com.capgemini.mrchecker.webapi.imap.ImapLoadTest.lambda$performanceTestEMails$1(ImapLoadTest.java:42)\r\n\tat org.junit.jupiter.api.AssertAll.lambda$assertAll$0(AssertAll.java:68)\r\n\tat java.base/java.util.stream.ReferencePipeline$3$1.accept(ReferencePipeline.java:195)\r\n\tat java.base/java.util.Spliterators$ArraySpliterator.forEachRemaining(Spliterators.java:948)\r\n\tat java.base/java.util.stream.AbstractPipeline.copyInto(AbstractPipeline.java:484)\r\n\tat java.base/java.util.stream.AbstractPipeline.wrapAndCopyInto(AbstractPipeline.java:474)\r\n\tat java.base/java.util.stream.ReduceOps$ReduceOp.evaluateSequential(ReduceOps.java:913)\r\n\tat java.base/java.util.stream.AbstractPipeline.evaluate(AbstractPipeline.java:234)\r\n\tat java.base/java.util.stream.ReferencePipeline.collect(ReferencePipeline.java:578)\r\n\tat org.junit.jupiter.api.AssertAll.assertAll(AssertAll.java:77)\r\n\tat org.junit.jupiter.api.AssertAll.assertAll(AssertAll.java:44)\r\n\tat org.junit.jupiter.api.AssertAll.assertAll(AssertAll.java:38)\r\n\tat org.junit.jupiter.api.Assertions.assertAll(Assertions.java:2940)\r\n\tat com.capgemini.mrchecker.webapi.imap.ImapLoadTest.performanceTestEMails(ImapLoadTest.java:40)\r\n\tat java.base/jdk.internal.reflect.NativeMethodAccessorImpl.invoke0(Native Method)\r\n\tat java.base/jdk.internal.reflect.NativeMethodAccessorImpl.invoke(NativeMethodAccessorImpl.java:62)\r\n\tat java.base/jdk.internal.reflect.DelegatingMethodAccessorImpl.invoke(DelegatingMethodAccessorImpl.java:43)\r\n\tat java.base/java.lang.reflect.Method.invoke(Method.java:566)\r\n\tat org.junit.platform.commons.util.ReflectionUtils.invokeMethod(ReflectionUtils.java:728)\r\n\tat org.junit.jupiter.engine.execution.MethodInvocation.proceed(MethodInvocation.java:60)\r\n\tat org.junit.jupiter.engine.execution.InvocationInterceptorChain$ValidatingInvocation.proceed(InvocationInterceptorChain.java:131)\r\n\tat org.junit.jupiter.api.extension.InvocationInterceptor.interceptTestMethod(InvocationInterceptor.java:119)\r\n\tat org.junit.jupiter.engine.execution.InterceptingExecutableInvoker$ReflectiveInterceptorCall.lambda$ofVoidMethod$0(InterceptingExecutableInvoker.java:103)\r\n\tat org.junit.jupiter.engine.execution.InterceptingExecutableInvoker.lambda$invoke$0(InterceptingExecutableInvoker.java:93)\r\n\tat org.junit.jupiter.engine.execution.InvocationInterceptorChain$InterceptedInvocation.proceed(InvocationInterceptorChain.java:106)\r\n\tat org.junit.jupiter.engine.extension.TimeoutExtension.intercept(TimeoutExtension.java:156)\r\n\tat org.junit.jupiter.engine.extension.TimeoutExtension.interceptTestableMethod(TimeoutExtension.java:147)\r\n\tat org.junit.jupiter.engine.extension.TimeoutExtension.interceptTestMethod(TimeoutExtension.java:86)\r\n\tat org.junit.jupiter.engine.execution.InterceptingExecutableInvoker$ReflectiveInterceptorCall.lambda$ofVoidMethod$0(InterceptingExecutableInvoker.java:103)\r\n\tat org.junit.jupiter.engine.execution.InterceptingExecutableInvoker.lambda$invoke$0(InterceptingExecutableInvoker.java:93)\r\n\tat org.junit.jupiter.engine.execution.InvocationInterceptorChain$InterceptedInvocation.proceed(InvocationInterceptorChain.java:106)\r\n\tat org.junit.jupiter.engine.execution.InvocationInterceptorChain.proceed(InvocationInterceptorChain.java:64)\r\n\tat org.junit.jupiter.engine.execution.InvocationInterceptorChain.chainAndInvoke(InvocationInterceptorChain.java:45)\r\n\tat org.junit.jupiter.engine.execution.InvocationInterceptorChain.invoke(InvocationInterceptorChain.java:37)\r\n\tat org.junit.jupiter.engine.execution.InterceptingExecutableInvoker.invoke(InterceptingExecutableInvoker.java:92)\r\n\tat org.junit.jupiter.engine.execution.InterceptingExecutableInvoker.invoke(InterceptingExecutableInvoker.java:86)\r\n\tat org.junit.jupiter.engine.descriptor.TestMethodTestDescriptor.lambda$invokeTestMethod$7(TestMethodTestDescriptor.java:218)\r\n\tat org.junit.platform.engine.support.hierarchical.ThrowableCollector.execute(ThrowableCollector.java:73)\r\n\tat org.junit.jupiter.engine.descriptor.TestMethodTestDescriptor.invokeTestMethod(TestMethodTestDescriptor.java:214)\r\n\tat org.junit.jupiter.engine.descriptor.TestMethodTestDescriptor.execute(TestMethodTestDescriptor.java:139)\r\n\tat org.junit.jupiter.engine.descriptor.TestMethodTestDescriptor.execute(TestMethodTestDescriptor.java:69)\r\n\tat org.junit.platform.engine.support.hierarchical.NodeTestTask.lambda$executeRecursively$6(NodeTestTask.java:151)\r\n\tat org.junit.platform.engine.support.hierarchical.ThrowableCollector.execute(ThrowableCollector.java:73)\r\n\tat org.junit.platform.engine.support.hierarchical.NodeTestTask.lambda$executeRecursively$8(NodeTestTask.java:141)\r\n\tat org.junit.platform.engine.support.hierarchical.Node.around(Node.java:137)\r\n\tat org.junit.platform.engine.support.hierarchical.NodeTestTask.lambda$executeRecursively$9(NodeTestTask.java:139)\r\n\tat org.junit.platform.engine.support.hierarchical.ThrowableCollector.execute(ThrowableCollector.java:73)\r\n\tat org.junit.platform.engine.support.hierarchical.NodeTestTask.executeRecursively(NodeTestTask.java:138)\r\n\tat org.junit.platform.engine.support.hierarchical.NodeTestTask.execute(NodeTestTask.java:95)\r\n\tat org.junit.platform.engine.support.hierarchical.ForkJoinPoolHierarchicalTestExecutorService$ExclusiveTask.compute(ForkJoinPoolHierarchicalTestExecutorService.java:202)\r\n\tat org.junit.platform.engine.support.hierarchical.ForkJoinPoolHierarchicalTestExecutorService.invokeAll(ForkJoinPoolHierarchicalTestExecutorService.java:146)\r\n\tat org.junit.platform.engine.support.hierarchical.NodeTestTask.lambda$executeRecursively$6(NodeTestTask.java:155)\r\n\tat org.junit.platform.engine.support.hierarchical.ThrowableCollector.execute(ThrowableCollector.java:73)\r\n\tat org.junit.platform.engine.support.hierarchical.NodeTestTask.lambda$executeRecursively$8(NodeTestTask.java:141)\r\n\tat org.junit.platform.engine.support.hierarchical.Node.around(Node.java:137)\r\n\tat org.junit.platform.engine.support.hierarchical.NodeTestTask.lambda$executeRecursively$9(NodeTestTask.java:139)\r\n\tat org.junit.platform.engine.support.hierarchical.ThrowableCollector.execute(ThrowableCollector.java:73)\r\n\tat org.junit.platform.engine.support.hierarchical.NodeTestTask.executeRecursively(NodeTestTask.java:138)\r\n\tat org.junit.platform.engine.support.hierarchical.NodeTestTask.execute(NodeTestTask.java:95)\r\n\tat org.junit.platform.engine.support.hierarchical.ForkJoinPoolHierarchicalTestExecutorService$ExclusiveTask.compute(ForkJoinPoolHierarchicalTestExecutorService.java:202)\r\n\tat org.junit.platform.engine.support.hierarchical.ForkJoinPoolHierarchicalTestExecutorService.invokeAll(ForkJoinPoolHierarchicalTestExecutorService.java:146)\r\n\tat org.junit.platform.engine.support.hierarchical.NodeTestTask.lambda$executeRecursively$6(NodeTestTask.java:155)\r\n\tat org.junit.platform.engine.support.hierarchical.ThrowableCollector.execute(ThrowableCollector.java:73)\r\n\tat org.junit.platform.engine.support.hierarchical.NodeTestTask.lambda$executeRecursively$8(NodeTestTask.java:141)\r\n\tat org.junit.platform.engine.support.hierarchical.Node.around(Node.java:137)\r\n\tat org.junit.platform.engine.support.hierarchical.NodeTestTask.lambda$executeRecursively$9(NodeTestTask.java:139)\r\n\tat org.junit.platform.engine.support.hierarchical.ThrowableCollector.execute(ThrowableCollector.java:73)\r\n\tat org.junit.platform.engine.support.hierarchical.NodeTestTask.executeRecursively(NodeTestTask.java:138)\r\n\tat org.junit.platform.engine.support.hierarchical.NodeTestTask.execute(NodeTestTask.java:95)\r\n\tat org.junit.platform.engine.support.hierarchical.ForkJoinPoolHierarchicalTestExecutorService$ExclusiveTask.compute(ForkJoinPoolHierarchicalTestExecutorService.java:202)\r\n\tat java.base/java.util.concurrent.RecursiveAction.exec(RecursiveAction.java:189)\r\n\tat java.base/java.util.concurrent.ForkJoinTask.doExec(ForkJoinTask.java:290)\r\n\tat java.base/java.util.concurrent.ForkJoinPool$WorkQueue.topLevelExec(ForkJoinPool.java:1020)\r\n\tat java.base/java.util.concurrent.ForkJoinPool.scan(ForkJoinPool.java:1656)\r\n\tat java.base/java.util.concurrent.ForkJoinPool.runWorker(ForkJoinPool.java:1594)\r\n\tat java.base/java.util.concurrent.ForkJoinWorkerThread.run(ForkJoinWorkerThread.java:183)\r\nCaused by: org.opentest4j.AssertionFailedError: expected: <0> but was: <5>\r\n\tat org.junit.jupiter.api.AssertionFailureBuilder.build(AssertionFailureBuilder.java:151)\r\n\tat org.junit.jupiter.api.AssertionFailureBuilder.buildAndThrow(AssertionFailureBuilder.java:132)\r\n\tat org.junit.jupiter.api.AssertEquals.failNotEqual(AssertEquals.java:197)\r\n\tat org.junit.jupiter.api.AssertEquals.assertEquals(AssertEquals.java:150)\r\n\tat org.junit.jupiter.api.AssertEquals.assertEquals(AssertEquals.java:145)\r\n\tat org.junit.jupiter.api.Assertions.assertEquals(Assertions.java:527)\r\n\tat com.capgemini.mrchecker.webapi.CustomAssert.lambda$assertEquals$0(CustomAssert.java:19)\r\n\tat org.awaitility.core.AssertionCondition.lambda$new$0(AssertionCondition.java:53)\r\n\tat org.awaitility.core.ConditionAwaiter$ConditionPoller.call(ConditionAwaiter.java:203)\r\n\tat org.awaitility.core.ConditionAwaiter$ConditionPoller.call(ConditionAwaiter.java:190)\r\n\tat java.base/java.util.concurrent.FutureTask.run(FutureTask.java:264)\r\n\tat java.base/java.util.concurrent.ThreadPoolExecutor.runWorker(ThreadPoolExecutor.java:1128)\r\n\tat java.base/java.util.concurrent.ThreadPoolExecutor$Worker.run(ThreadPoolExecutor.java:628)\r\n\tat java.base/java.lang.Thread.run(Thread.java:829)\r\n"},"stage":"finished","steps":[],"attachments":[],"parameters":[{"name":"expected","value":"0"},{"name":"actual","value":"5"}],"start":1710836663891,"stop":1710837294108},{"name":"7 | Go to the folder InboxBackup","status":"passed","stage":"finished","steps":[],"attachments":[],"parameters":[{"name":"folderName","value":"InboxBackup"}],"start":1710837294109,"stop":1710837295929},{"name":"8 | Return the number of emails in the folder InboxBackup","status":"passed","stage":"finished","steps":[],"attachments":[],"parameters":[{"name":"folderName","value":"InboxBackup"}],"start":1710837295930,"stop":1710837297277},{"name":"9 | assert that 10 is 200","status":"broken","statusDetails":{"known":false,"muted":false,"flaky":false,"message":"Assertion condition defined as a lambda expression in com.capgemini.mrchecker.webapi.CustomAssert that uses int, intint expected: <200> but was: <10> within 10 minutes.","trace":"org.awaitility.core.ConditionTimeoutException: Assertion condition defined as a lambda expression in com.capgemini.mrchecker.webapi.CustomAssert that uses int, intint expected: <200> but was: <10> within 10 minutes.\r\n\tat org.awaitility.core.ConditionAwaiter.await(ConditionAwaiter.java:148)\r\n\tat org.awaitility.core.AssertionCondition.await(AssertionCondition.java:119)\r\n\tat org.awaitility.core.AssertionCondition.await(AssertionCondition.java:31)\r\n\tat org.awaitility.core.ConditionFactory.until(ConditionFactory.java:873)\r\n\tat org.awaitility.core.ConditionFactory.untilAsserted(ConditionFactory.java:657)\r\n\tat com.capgemini.mrchecker.webapi.CustomAssert.assertEquals(CustomAssert.java:18)\r\n\tat com.capgemini.mrchecker.webapi.imap.ImapLoadTest.lambda$performanceTestEMails$3(ImapLoadTest.java:44)\r\n\tat org.junit.jupiter.api.AssertAll.lambda$assertAll$0(AssertAll.java:68)\r\n\tat java.base/java.util.stream.ReferencePipeline$3$1.accept(ReferencePipeline.java:195)\r\n\tat java.base/java.util.Spliterators$ArraySpliterator.forEachRemaining(Spliterators.java:948)\r\n\tat java.base/java.util.stream.AbstractPipeline.copyInto(AbstractPipeline.java:484)\r\n\tat java.base/java.util.stream.AbstractPipeline.wrapAndCopyInto(AbstractPipeline.java:474)\r\n\tat java.base/java.util.stream.ReduceOps$ReduceOp.evaluateSequential(ReduceOps.java:913)\r\n\tat java.base/java.util.stream.AbstractPipeline.evaluate(AbstractPipeline.java:234)\r\n\tat java.base/java.util.stream.ReferencePipeline.collect(ReferencePipeline.java:578)\r\n\tat org.junit.jupiter.api.AssertAll.assertAll(AssertAll.java:77)\r\n\tat org.junit.jupiter.api.AssertAll.assertAll(AssertAll.java:44)\r\n\tat org.junit.jupiter.api.AssertAll.assertAll(AssertAll.java:38)\r\n\tat org.junit.jupiter.api.Assertions.assertAll(Assertions.java:2940)\r\n\tat com.capgemini.mrchecker.webapi.imap.ImapLoadTest.performanceTestEMails(ImapLoadTest.java:40)\r\n\tat java.base/jdk.internal.reflect.NativeMethodAccessorImpl.invoke0(Native Method)\r\n\tat java.base/jdk.internal.reflect.NativeMethodAccessorImpl.invoke(NativeMethodAccessorImpl.java:62)\r\n\tat java.base/jdk.internal.reflect.DelegatingMethodAccessorImpl.invoke(DelegatingMethodAccessorImpl.java:43)\r\n\tat java.base/java.lang.reflect.Method.invoke(Method.java:566)\r\n\tat org.junit.platform.commons.util.ReflectionUtils.invokeMethod(ReflectionUtils.java:728)\r\n\tat org.junit.jupiter.engine.execution.MethodInvocation.proceed(MethodInvocation.java:60)\r\n\tat org.junit.jupiter.engine.execution.InvocationInterceptorChain$ValidatingInvocation.proceed(InvocationInterceptorChain.java:131)\r\n\tat org.junit.jupiter.api.extension.InvocationInterceptor.interceptTestMethod(InvocationInterceptor.java:119)\r\n\tat org.junit.jupiter.engine.execution.InterceptingExecutableInvoker$ReflectiveInterceptorCall.lambda$ofVoidMethod$0(InterceptingExecutableInvoker.java:103)\r\n\tat org.junit.jupiter.engine.execution.InterceptingExecutableInvoker.lambda$invoke$0(InterceptingExecutableInvoker.java:93)\r\n\tat org.junit.jupiter.engine.execution.InvocationInterceptorChain$InterceptedInvocation.proceed(InvocationInterceptorChain.java:106)\r\n\tat org.junit.jupiter.engine.extension.TimeoutExtension.intercept(TimeoutExtension.java:156)\r\n\tat org.junit.jupiter.engine.extension.TimeoutExtension.interceptTestableMethod(TimeoutExtension.java:147)\r\n\tat org.junit.jupiter.engine.extension.TimeoutExtension.interceptTestMethod(TimeoutExtension.java:86)\r\n\tat org.junit.jupiter.engine.execution.InterceptingExecutableInvoker$ReflectiveInterceptorCall.lambda$ofVoidMethod$0(InterceptingExecutableInvoker.java:103)\r\n\tat org.junit.jupiter.engine.execution.InterceptingExecutableInvoker.lambda$invoke$0(InterceptingExecutableInvoker.java:93)\r\n\tat org.junit.jupiter.engine.execution.InvocationInterceptorChain$InterceptedInvocation.proceed(InvocationInterceptorChain.java:106)\r\n\tat org.junit.jupiter.engine.execution.InvocationInterceptorChain.proceed(InvocationInterceptorChain.java:64)\r\n\tat org.junit.jupiter.engine.execution.InvocationInterceptorChain.chainAndInvoke(InvocationInterceptorChain.java:45)\r\n\tat org.junit.jupiter.engine.execution.InvocationInterceptorChain.invoke(InvocationInterceptorChain.java:37)\r\n\tat org.junit.jupiter.engine.execution.InterceptingExecutableInvoker.invoke(InterceptingExecutableInvoker.java:92)\r\n\tat org.junit.jupiter.engine.execution.InterceptingExecutableInvoker.invoke(InterceptingExecutableInvoker.java:86)\r\n\tat org.junit.jupiter.engine.descriptor.TestMethodTestDescriptor.lambda$invokeTestMethod$7(TestMethodTestDescriptor.java:218)\r\n\tat org.junit.platform.engine.support.hierarchical.ThrowableCollector.execute(ThrowableCollector.java:73)\r\n\tat org.junit.jupiter.engine.descriptor.TestMethodTestDescriptor.invokeTestMethod(TestMethodTestDescriptor.java:214)\r\n\tat org.junit.jupiter.engine.descriptor.TestMethodTestDescriptor.execute(TestMethodTestDescriptor.java:139)\r\n\tat org.junit.jupiter.engine.descriptor.TestMethodTestDescriptor.execute(TestMethodTestDescriptor.java:69)\r\n\tat org.junit.platform.engine.support.hierarchical.NodeTestTask.lambda$executeRecursively$6(NodeTestTask.java:151)\r\n\tat org.junit.platform.engine.support.hierarchical.ThrowableCollector.execute(ThrowableCollector.java:73)\r\n\tat org.junit.platform.engine.support.hierarchical.NodeTestTask.lambda$executeRecursively$8(NodeTestTask.java:141)\r\n\tat org.junit.platform.engine.support.hierarchical.Node.around(Node.java:137)\r\n\tat org.junit.platform.engine.support.hierarchical.NodeTestTask.lambda$executeRecursively$9(NodeTestTask.java:139)\r\n\tat org.junit.platform.engine.support.hierarchical.ThrowableCollector.execute(ThrowableCollector.java:73)\r\n\tat org.junit.platform.engine.support.hierarchical.NodeTestTask.executeRecursively(NodeTestTask.java:138)\r\n\tat org.junit.platform.engine.support.hierarchical.NodeTestTask.execute(NodeTestTask.java:95)\r\n\tat org.junit.platform.engine.support.hierarchical.ForkJoinPoolHierarchicalTestExecutorService$ExclusiveTask.compute(ForkJoinPoolHierarchicalTestExecutorService.java:202)\r\n\tat org.junit.platform.engine.support.hierarchical.ForkJoinPoolHierarchicalTestExecutorService.invokeAll(ForkJoinPoolHierarchicalTestExecutorService.java:146)\r\n\tat org.junit.platform.engine.support.hierarchical.NodeTestTask.lambda$executeRecursively$6(NodeTestTask.java:155)\r\n\tat org.junit.platform.engine.support.hierarchical.ThrowableCollector.execute(ThrowableCollector.java:73)\r\n\tat org.junit.platform.engine.support.hierarchical.NodeTestTask.lambda$executeRecursively$8(NodeTestTask.java:141)\r\n\tat org.junit.platform.engine.support.hierarchical.Node.around(Node.java:137)\r\n\tat org.junit.platform.engine.support.hierarchical.NodeTestTask.lambda$executeRecursively$9(NodeTestTask.java:139)\r\n\tat org.junit.platform.engine.support.hierarchical.ThrowableCollector.execute(ThrowableCollector.java:73)\r\n\tat org.junit.platform.engine.support.hierarchical.NodeTestTask.executeRecursively(NodeTestTask.java:138)\r\n\tat org.junit.platform.engine.support.hierarchical.NodeTestTask.execute(NodeTestTask.java:95)\r\n\tat org.junit.platform.engine.support.hierarchical.ForkJoinPoolHierarchicalTestExecutorService$ExclusiveTask.compute(ForkJoinPoolHierarchicalTestExecutorService.java:202)\r\n\tat org.junit.platform.engine.support.hierarchical.ForkJoinPoolHierarchicalTestExecutorService.invokeAll(ForkJoinPoolHierarchicalTestExecutorService.java:146)\r\n\tat org.junit.platform.engine.support.hierarchical.NodeTestTask.lambda$executeRecursively$6(NodeTestTask.java:155)\r\n\tat org.junit.platform.engine.support.hierarchical.ThrowableCollector.execute(ThrowableCollector.java:73)\r\n\tat org.junit.platform.engine.support.hierarchical.NodeTestTask.lambda$executeRecursively$8(NodeTestTask.java:141)\r\n\tat org.junit.platform.engine.support.hierarchical.Node.around(Node.java:137)\r\n\tat org.junit.platform.engine.support.hierarchical.NodeTestTask.lambda$executeRecursively$9(NodeTestTask.java:139)\r\n\tat org.junit.platform.engine.support.hierarchical.ThrowableCollector.execute(ThrowableCollector.java:73)\r\n\tat org.junit.platform.engine.support.hierarchical.NodeTestTask.executeRecursively(NodeTestTask.java:138)\r\n\tat org.junit.platform.engine.support.hierarchical.NodeTestTask.execute(NodeTestTask.java:95)\r\n\tat org.junit.platform.engine.support.hierarchical.ForkJoinPoolHierarchicalTestExecutorService$ExclusiveTask.compute(ForkJoinPoolHierarchicalTestExecutorService.java:202)\r\n\tat java.base/java.util.concurrent.RecursiveAction.exec(RecursiveAction.java:189)\r\n\tat java.base/java.util.concurrent.ForkJoinTask.doExec(ForkJoinTask.java:290)\r\n\tat java.base/java.util.concurrent.ForkJoinPool$WorkQueue.topLevelExec(ForkJoinPool.java:1020)\r\n\tat java.base/java.util.concurrent.ForkJoinPool.scan(ForkJoinPool.java:1656)\r\n\tat java.base/java.util.concurrent.ForkJoinPool.runWorker(ForkJoinPool.java:1594)\r\n\tat java.base/java.util.concurrent.ForkJoinWorkerThread.run(ForkJoinWorkerThread.java:183)\r\nCaused by: org.opentest4j.AssertionFailedError: expected: <200> but was: <10>\r\n\tat org.junit.jupiter.api.AssertionFailureBuilder.build(AssertionFailureBuilder.java:151)\r\n\tat org.junit.jupiter.api.AssertionFailureBuilder.buildAndThrow(AssertionFailureBuilder.java:132)\r\n\tat org.junit.jupiter.api.AssertEquals.failNotEqual(AssertEquals.java:197)\r\n\tat org.junit.jupiter.api.AssertEquals.assertEquals(AssertEquals.java:150)\r\n\tat org.junit.jupiter.api.AssertEquals.assertEquals(AssertEquals.java:145)\r\n\tat org.junit.jupiter.api.Assertions.assertEquals(Assertions.java:527)\r\n\tat com.capgemini.mrchecker.webapi.CustomAssert.lambda$assertEquals$0(CustomAssert.java:19)\r\n\tat org.awaitility.core.AssertionCondition.lambda$new$0(AssertionCondition.java:53)\r\n\tat org.awaitility.core.ConditionAwaiter$ConditionPoller.call(ConditionAwaiter.java:203)\r\n\tat org.awaitility.core.ConditionAwaiter$ConditionPoller.call(ConditionAwaiter.java:190)\r\n\tat java.base/java.util.concurrent.FutureTask.run(FutureTask.java:264)\r\n\tat java.base/java.util.concurrent.ThreadPoolExecutor.runWorker(ThreadPoolExecutor.java:1128)\r\n\tat java.base/java.util.concurrent.ThreadPoolExecutor$Worker.run(ThreadPoolExecutor.java:628)\r\n\tat java.base/java.lang.Thread.run(Thread.java:829)\r\n"},"stage":"finished","steps":[],"attachments":[],"parameters":[{"name":"expected","value":"200"},{"name":"actual","value":"10"}],"start":1710837297278,"stop":1710837927437}],"attachments":[{"name":"Log file","source":"a1bc6303-ac4d-4137-8ef4-b4b4cb58cd64-attachment","type":"text/plain"}],"parameters":[],"start":1710836639628,"stop":1710837927599}